Analysis & Synthesis report for funct_gen
Tue Dec 02 10:04:28 2025
Quartus II 64-Bit Version 13.0.1 Build 232 06/12/2013 Service Pack 1 SJ Web Edition


---------------------
; Table of Contents ;
---------------------
  1. Legal Notice
  2. Analysis & Synthesis Summary
  3. Analysis & Synthesis Settings
  4. Parallel Compilation
  5. Analysis & Synthesis Source Files Read
  6. Analysis & Synthesis Resource Usage Summary
  7. Analysis & Synthesis Resource Utilization by Entity
  8. Analysis & Synthesis RAM Summary
  9. Registers Removed During Synthesis
 10. General Register Statistics
 11. Registers Packed Into Inferred Megafunctions
 12. Multiplexer Restructuring Statistics (Restructuring Performed)
 13. Source assignments for ddfs:inst1|sin_lut:lut_inst|altsyncram:rom_rtl_0|altsyncram_p171:auto_generated
 14. Parameter Settings for User Entity Instance: ddfs:inst1
 15. Parameter Settings for User Entity Instance: ddfs:inst1|sin_lut:lut_inst
 16. Parameter Settings for Inferred Entity Instance: ddfs:inst1|sin_lut:lut_inst|altsyncram:rom_rtl_0
 17. altsyncram Parameter Settings by Entity Instance
 18. Port Connectivity Checks: "ddfs:inst1|sin_lut:lut_inst"
 19. Elapsed Time Per Partition
 20. Analysis & Synthesis Messages



----------------
; Legal Notice ;
----------------
Copyright (C) 1991-2013 Altera Corporation
Your use of Altera Corporation's design tools, logic functions 
and other software and tools, and its AMPP partner logic 
functions, and any output files from any of the foregoing 
(including device programming or simulation files), and any 
associated documentation or information are expressly subject 
to the terms and conditions of the Altera Program License 
Subscription Agreement, Altera MegaCore Function License 
Agreement, or other applicable license agreement, including, 
without limitation, that your use is for the sole purpose of 
programming logic devices manufactured by Altera and sold by 
Altera or its authorized distributors.  Please refer to the 
applicable agreement for further details.



+--------------------------------------------------------------------------------------+
; Analysis & Synthesis Summary                                                         ;
+------------------------------------+-------------------------------------------------+
; Analysis & Synthesis Status        ; Successful - Tue Dec 02 10:04:28 2025           ;
; Quartus II 64-Bit Version          ; 13.0.1 Build 232 06/12/2013 SP 1 SJ Web Edition ;
; Revision Name                      ; funct_gen                                       ;
; Top-level Entity Name              ; funct_gen                                       ;
; Family                             ; Cyclone II                                      ;
; Total logic elements               ; 171                                             ;
;     Total combinational functions  ; 169                                             ;
;     Dedicated logic registers      ; 34                                              ;
; Total registers                    ; 34                                              ;
; Total pins                         ; 28                                              ;
; Total virtual pins                 ; 0                                               ;
; Total memory bits                  ; 11,264                                          ;
; Embedded Multiplier 9-bit elements ; 0                                               ;
; Total PLLs                         ; 0                                               ;
+------------------------------------+-------------------------------------------------+


+----------------------------------------------------------------------------------------------------------------------+
; Analysis & Synthesis Settings                                                                                        ;
+----------------------------------------------------------------------------+--------------------+--------------------+
; Option                                                                     ; Setting            ; Default Value      ;
+----------------------------------------------------------------------------+--------------------+--------------------+
; Device                                                                     ; EP2C35F672C6       ;                    ;
; Top-level entity name                                                      ; funct_gen          ; funct_gen          ;
; Family name                                                                ; Cyclone II         ; Cyclone IV GX      ;
; Block Design Naming                                                        ; MaxPlusII          ; Auto               ;
; Use smart compilation                                                      ; Off                ; Off                ;
; Enable parallel Assembler and TimeQuest Timing Analyzer during compilation ; On                 ; On                 ;
; Enable compact report table                                                ; Off                ; Off                ;
; Restructure Multiplexers                                                   ; Auto               ; Auto               ;
; Create Debugging Nodes for IP Cores                                        ; Off                ; Off                ;
; Preserve fewer node names                                                  ; On                 ; On                 ;
; Disable OpenCore Plus hardware evaluation                                  ; Off                ; Off                ;
; Verilog Version                                                            ; Verilog_2001       ; Verilog_2001       ;
; VHDL Version                                                               ; VHDL_1993          ; VHDL_1993          ;
; State Machine Processing                                                   ; Auto               ; Auto               ;
; Safe State Machine                                                         ; Off                ; Off                ;
; Extract Verilog State Machines                                             ; On                 ; On                 ;
; Extract VHDL State Machines                                                ; On                 ; On                 ;
; Ignore Verilog initial constructs                                          ; Off                ; Off                ;
; Iteration limit for constant Verilog loops                                 ; 5000               ; 5000               ;
; Iteration limit for non-constant Verilog loops                             ; 250                ; 250                ;
; Add Pass-Through Logic to Inferred RAMs                                    ; On                 ; On                 ;
; Infer RAMs from Raw Logic                                                  ; On                 ; On                 ;
; Parallel Synthesis                                                         ; On                 ; On                 ;
; DSP Block Balancing                                                        ; Auto               ; Auto               ;
; NOT Gate Push-Back                                                         ; On                 ; On                 ;
; Power-Up Don't Care                                                        ; On                 ; On                 ;
; Remove Redundant Logic Cells                                               ; Off                ; Off                ;
; Remove Duplicate Registers                                                 ; On                 ; On                 ;
; Ignore CARRY Buffers                                                       ; Off                ; Off                ;
; Ignore CASCADE Buffers                                                     ; Off                ; Off                ;
; Ignore GLOBAL Buffers                                                      ; Off                ; Off                ;
; Ignore ROW GLOBAL Buffers                                                  ; Off                ; Off                ;
; Ignore LCELL Buffers                                                       ; Off                ; Off                ;
; Ignore SOFT Buffers                                                        ; On                 ; On                 ;
; Limit AHDL Integers to 32 Bits                                             ; Off                ; Off                ;
; Optimization Technique                                                     ; Balanced           ; Balanced           ;
; Carry Chain Length                                                         ; 70                 ; 70                 ;
; Auto Carry Chains                                                          ; On                 ; On                 ;
; Auto Open-Drain Pins                                                       ; On                 ; On                 ;
; Perform WYSIWYG Primitive Resynthesis                                      ; Off                ; Off                ;
; Auto ROM Replacement                                                       ; On                 ; On                 ;
; Auto RAM Replacement                                                       ; On                 ; On                 ;
; Auto Shift Register Replacement                                            ; Auto               ; Auto               ;
; Allow Shift Register Merging across Hierarchies                            ; Auto               ; Auto               ;
; Auto Clock Enable Replacement                                              ; On                 ; On                 ;
; Strict RAM Replacement                                                     ; Off                ; Off                ;
; Allow Synchronous Control Signals                                          ; On                 ; On                 ;
; Force Use of Synchronous Clear Signals                                     ; Off                ; Off                ;
; Auto RAM to Logic Cell Conversion                                          ; Off                ; Off                ;
; Auto Resource Sharing                                                      ; Off                ; Off                ;
; Allow Any RAM Size For Recognition                                         ; Off                ; Off                ;
; Allow Any ROM Size For Recognition                                         ; Off                ; Off                ;
; Allow Any Shift Register Size For Recognition                              ; Off                ; Off                ;
; Use LogicLock Constraints during Resource Balancing                        ; On                 ; On                 ;
; Ignore translate_off and synthesis_off directives                          ; Off                ; Off                ;
; Timing-Driven Synthesis                                                    ; Off                ; Off                ;
; Report Parameter Settings                                                  ; On                 ; On                 ;
; Report Source Assignments                                                  ; On                 ; On                 ;
; Report Connectivity Checks                                                 ; On                 ; On                 ;
; Ignore Maximum Fan-Out Assignments                                         ; Off                ; Off                ;
; Synchronization Register Chain Length                                      ; 2                  ; 2                  ;
; PowerPlay Power Optimization                                               ; Normal compilation ; Normal compilation ;
; HDL message level                                                          ; Level2             ; Level2             ;
; Suppress Register Optimization Related Messages                            ; Off                ; Off                ;
; Number of Removed Registers Reported in Synthesis Report                   ; 5000               ; 5000               ;
; Number of Swept Nodes Reported in Synthesis Report                         ; 5000               ; 5000               ;
; Number of Inverted Registers Reported in Synthesis Report                  ; 100                ; 100                ;
; Clock MUX Protection                                                       ; On                 ; On                 ;
; Auto Gated Clock Conversion                                                ; Off                ; Off                ;
; SDC constraint protection                                                  ; Off                ; Off                ;
; Synthesis Effort                                                           ; Auto               ; Auto               ;
; Shift Register Replacement - Allow Asynchronous Clear Signal               ; On                 ; On                 ;
; Pre-Mapping Resynthesis Optimization                                       ; Off                ; Off                ;
; Analysis & Synthesis Message Level                                         ; Medium             ; Medium             ;
; Disable Register Merging Across Hierarchies                                ; Auto               ; Auto               ;
; Resource Aware Inference For Block RAM                                     ; On                 ; On                 ;
; Synthesis Seed                                                             ; 1                  ; 1                  ;
+----------------------------------------------------------------------------+--------------------+--------------------+


Parallel compilation was disabled, but you have multiple processors available. Enable parallel compilation to reduce compilation time.
+-------------------------------------+
; Parallel Compilation                ;
+----------------------------+--------+
; Processors                 ; Number ;
+----------------------------+--------+
; Number detected on machine ; 12     ;
; Maximum allowed            ; 1      ;
+----------------------------+--------+


+---------------------------------------------------------------------------------------------------------------------------------------------------------------------------------------------------------------------------------------------------------+
; Analysis & Synthesis Source Files Read                                                                                                                                                                                                                  ;
+--------------------------------------------+-----------------+-------------------------------------------------------+------------------------------------------------------------------------------------------------------------------------+---------+
; File Name with User-Entered Path           ; Used in Netlist ; File Type                                             ; File Name with Absolute Path                                                                                           ; Library ;
+--------------------------------------------+-----------------+-------------------------------------------------------+------------------------------------------------------------------------------------------------------------------------+---------+
; sin_lut.v                                  ; yes             ; User Verilog HDL File                                 ; C:/Users/posta/Desktop/Programmi/Verilog/Function_generator/DDFS module/1.1/sin_lut.v                                  ;         ;
; ddfs.v                                     ; yes             ; User Verilog HDL File                                 ; C:/Users/posta/Desktop/Programmi/Verilog/Function_generator/DDFS module/1.1/ddfs.v                                     ;         ;
; freq_divider.v                             ; yes             ; User Verilog HDL File                                 ; C:/Users/posta/Desktop/Programmi/Verilog/Function_generator/DDFS module/1.1/freq_divider.v                             ;         ;
; funct_gen.bdf                              ; yes             ; User Block Diagram/Schematic File                     ; C:/Users/posta/Desktop/Programmi/Verilog/Function_generator/DDFS module/1.1/funct_gen.bdf                              ;         ;
; sin_lut_init.txt                           ; yes             ; Auto-Found File                                       ; C:/Users/posta/Desktop/Programmi/Verilog/Function_generator/DDFS module/1.1/sin_lut_init.txt                           ;         ;
; altsyncram.tdf                             ; yes             ; Megafunction                                          ; c:/altera/13.0sp1/quartus/libraries/megafunctions/altsyncram.tdf                                                       ;         ;
; stratix_ram_block.inc                      ; yes             ; Megafunction                                          ; c:/altera/13.0sp1/quartus/libraries/megafunctions/stratix_ram_block.inc                                                ;         ;
; lpm_mux.inc                                ; yes             ; Megafunction                                          ; c:/altera/13.0sp1/quartus/libraries/megafunctions/lpm_mux.inc                                                          ;         ;
; lpm_decode.inc                             ; yes             ; Megafunction                                          ; c:/altera/13.0sp1/quartus/libraries/megafunctions/lpm_decode.inc                                                       ;         ;
; aglobal130.inc                             ; yes             ; Megafunction                                          ; c:/altera/13.0sp1/quartus/libraries/megafunctions/aglobal130.inc                                                       ;         ;
; a_rdenreg.inc                              ; yes             ; Megafunction                                          ; c:/altera/13.0sp1/quartus/libraries/megafunctions/a_rdenreg.inc                                                        ;         ;
; altrom.inc                                 ; yes             ; Megafunction                                          ; c:/altera/13.0sp1/quartus/libraries/megafunctions/altrom.inc                                                           ;         ;
; altram.inc                                 ; yes             ; Megafunction                                          ; c:/altera/13.0sp1/quartus/libraries/megafunctions/altram.inc                                                           ;         ;
; altdpram.inc                               ; yes             ; Megafunction                                          ; c:/altera/13.0sp1/quartus/libraries/megafunctions/altdpram.inc                                                         ;         ;
; db/altsyncram_p171.tdf                     ; yes             ; Auto-Generated Megafunction                           ; C:/Users/posta/Desktop/Programmi/Verilog/Function_generator/DDFS module/1.1/db/altsyncram_p171.tdf                     ;         ;
; db/funct_gen.ram0_sin_lut_4402771f.hdl.mif ; yes             ; Auto-Generated Auto-Found Memory Initialization File  ; C:/Users/posta/Desktop/Programmi/Verilog/Function_generator/DDFS module/1.1/db/funct_gen.ram0_sin_lut_4402771f.hdl.mif ;         ;
+--------------------------------------------+-----------------+-------------------------------------------------------+------------------------------------------------------------------------------------------------------------------------+---------+


+------------------------------------------------------+
; Analysis & Synthesis Resource Usage Summary          ;
+---------------------------------------------+--------+
; Resource                                    ; Usage  ;
+---------------------------------------------+--------+
; Estimated Total logic elements              ; 171    ;
;                                             ;        ;
; Total combinational functions               ; 169    ;
; Logic element usage by number of LUT inputs ;        ;
;     -- 4 input functions                    ; 34     ;
;     -- 3 input functions                    ; 72     ;
;     -- <=2 input functions                  ; 63     ;
;                                             ;        ;
; Logic elements by mode                      ;        ;
;     -- normal mode                          ; 83     ;
;     -- arithmetic mode                      ; 86     ;
;                                             ;        ;
; Total registers                             ; 34     ;
;     -- Dedicated logic registers            ; 34     ;
;     -- I/O registers                        ; 0      ;
;                                             ;        ;
; I/O pins                                    ; 28     ;
; Total memory bits                           ; 11264  ;
; Embedded Multiplier 9-bit elements          ; 0      ;
; Maximum fan-out node                        ; SW[11] ;
; Maximum fan-out                             ; 32     ;
; Total fan-out                               ; 693    ;
; Average fan-out                             ; 2.86   ;
+---------------------------------------------+--------+


+----------------------------------------------------------------------------------------------------------------------------------------------------------------------------------------------------------------------------------------------------------------------+
; Analysis & Synthesis Resource Utilization by Entity                                                                                                                                                                                                                  ;
+----------------------------------------------+-------------------+--------------+-------------+--------------+---------+-----------+------+--------------+--------------------------------------------------------------------------------------------+--------------+
; Compilation Hierarchy Node                   ; LC Combinationals ; LC Registers ; Memory Bits ; DSP Elements ; DSP 9x9 ; DSP 18x18 ; Pins ; Virtual Pins ; Full Hierarchy Name                                                                        ; Library Name ;
+----------------------------------------------+-------------------+--------------+-------------+--------------+---------+-----------+------+--------------+--------------------------------------------------------------------------------------------+--------------+
; |funct_gen                                   ; 169 (0)           ; 34 (0)       ; 11264       ; 0            ; 0       ; 0         ; 28   ; 0            ; |funct_gen                                                                                 ; work         ;
;    |ddfs:inst1|                              ; 169 (73)          ; 34 (14)      ; 11264       ; 0            ; 0       ; 0         ; 0    ; 0            ; |funct_gen|ddfs:inst1                                                                      ; work         ;
;       |freq_divider:f_div_inst|              ; 96 (96)           ; 20 (20)      ; 0           ; 0            ; 0       ; 0         ; 0    ; 0            ; |funct_gen|ddfs:inst1|freq_divider:f_div_inst                                              ; work         ;
;       |sin_lut:lut_inst|                     ; 0 (0)             ; 0 (0)        ; 11264       ; 0            ; 0       ; 0         ; 0    ; 0            ; |funct_gen|ddfs:inst1|sin_lut:lut_inst                                                     ; work         ;
;          |altsyncram:rom_rtl_0|              ; 0 (0)             ; 0 (0)        ; 11264       ; 0            ; 0       ; 0         ; 0    ; 0            ; |funct_gen|ddfs:inst1|sin_lut:lut_inst|altsyncram:rom_rtl_0                                ; work         ;
;             |altsyncram_p171:auto_generated| ; 0 (0)             ; 0 (0)        ; 11264       ; 0            ; 0       ; 0         ; 0    ; 0            ; |funct_gen|ddfs:inst1|sin_lut:lut_inst|altsyncram:rom_rtl_0|altsyncram_p171:auto_generated ; work         ;
+----------------------------------------------+-------------------+--------------+-------------+--------------+---------+-----------+------+--------------+--------------------------------------------------------------------------------------------+--------------+
Note: For table entries with two numbers listed, the numbers in parentheses indicate the number of resources of the given type used by the specific entity alone. The numbers listed outside of parentheses indicate the total resources of the given type used by the specific entity and all of its sub-entities in the hierarchy.


+---------------------------------------------------------------------------------------------------------------------------------------------------------------------------------------------------------------------------+
; Analysis & Synthesis RAM Summary                                                                                                                                                                                          ;
+--------------------------------------------------------------------------------------------+------+------+--------------+--------------+--------------+--------------+-------+--------------------------------------------+
; Name                                                                                       ; Type ; Mode ; Port A Depth ; Port A Width ; Port B Depth ; Port B Width ; Size  ; MIF                                        ;
+--------------------------------------------------------------------------------------------+------+------+--------------+--------------+--------------+--------------+-------+--------------------------------------------+
; ddfs:inst1|sin_lut:lut_inst|altsyncram:rom_rtl_0|altsyncram_p171:auto_generated|ALTSYNCRAM ; AUTO ; ROM  ; 1024         ; 12           ; --           ; --           ; 12288 ; db/funct_gen.ram0_sin_lut_4402771f.hdl.mif ;
+--------------------------------------------------------------------------------------------+------+------+--------------+--------------+--------------+--------------+-------+--------------------------------------------+


+-------------------------------------------------------------+
; Registers Removed During Synthesis                          ;
+----------------------------------------+--------------------+
; Register name                          ; Reason for Removal ;
+----------------------------------------+--------------------+
; ddfs:inst1|cont_rt[0..9]               ; Lost fanout        ;
; Total Number of Removed Registers = 10 ;                    ;
+----------------------------------------+--------------------+


+------------------------------------------------------+
; General Register Statistics                          ;
+----------------------------------------------+-------+
; Statistic                                    ; Value ;
+----------------------------------------------+-------+
; Total registers                              ; 34    ;
; Number of registers using Synchronous Clear  ; 12    ;
; Number of registers using Synchronous Load   ; 0     ;
; Number of registers using Asynchronous Clear ; 12    ;
; Number of registers using Asynchronous Load  ; 0     ;
; Number of registers using Clock Enable       ; 0     ;
; Number of registers using Preset             ; 0     ;
+----------------------------------------------+-------+


+-------------------------------------------------------------------------------------+
; Registers Packed Into Inferred Megafunctions                                        ;
+--------------------------------------+---------------------------------------+------+
; Register Name                        ; Megafunction                          ; Type ;
+--------------------------------------+---------------------------------------+------+
; ddfs:inst1|sin_lut:lut_inst|q[1..11] ; ddfs:inst1|sin_lut:lut_inst|rom_rtl_0 ; RAM  ;
+--------------------------------------+---------------------------------------+------+


+-----------------------------------------------------------------------------------------------------------------------------------------------------------------------+
; Multiplexer Restructuring Statistics (Restructuring Performed)                                                                                                        ;
+--------------------+-----------+---------------+----------------------+------------------------+------------+---------------------------------------------------------+
; Multiplexer Inputs ; Bus Width ; Baseline Area ; Area if Restructured ; Saving if Restructured ; Registered ; Example Multiplexer Output                              ;
+--------------------+-----------+---------------+----------------------+------------------------+------------+---------------------------------------------------------+
; 3:1                ; 3 bits    ; 6 LEs         ; 3 LEs                ; 3 LEs                  ; Yes        ; |funct_gen|ddfs:inst1|freq_divider:f_div_inst|count[19] ;
; 3:1                ; 16 bits   ; 32 LEs        ; 16 LEs               ; 16 LEs                 ; Yes        ; |funct_gen|ddfs:inst1|freq_divider:f_div_inst|count[6]  ;
; 3:1                ; 10 bits   ; 20 LEs        ; 20 LEs               ; 0 LEs                  ; No         ; |funct_gen|ddfs:inst1|q_tmp[6]                          ;
; 3:1                ; 10 bits   ; 20 LEs        ; 10 LEs               ; 10 LEs                 ; No         ; |funct_gen|ddfs:inst1|addr[0]                           ;
; 5:1                ; 11 bits   ; 33 LEs        ; 11 LEs               ; 22 LEs                 ; No         ; |funct_gen|ddfs:inst1|q[6]                              ;
+--------------------+-----------+---------------+----------------------+------------------------+------------+---------------------------------------------------------+


+--------------------------------------------------------------------------------------------------------+
; Source assignments for ddfs:inst1|sin_lut:lut_inst|altsyncram:rom_rtl_0|altsyncram_p171:auto_generated ;
+---------------------------------+--------------------+------+------------------------------------------+
; Assignment                      ; Value              ; From ; To                                       ;
+---------------------------------+--------------------+------+------------------------------------------+
; OPTIMIZE_POWER_DURING_SYNTHESIS ; NORMAL_COMPILATION ; -    ; -                                        ;
+---------------------------------+--------------------+------+------------------------------------------+


+---------------------------------------------------------+
; Parameter Settings for User Entity Instance: ddfs:inst1 ;
+----------------+-------+--------------------------------+
; Parameter Name ; Value ; Type                           ;
+----------------+-------+--------------------------------+
; DATA_WIDTH     ; 12    ; Signed Integer                 ;
; ADDR_WIDTH     ; 10    ; Signed Integer                 ;
; MAX_LUT        ; 1024  ; Signed Integer                 ;
; HALF_ADDRESS   ; 512   ; Signed Integer                 ;
; HALF_DATA      ; 2048  ; Signed Integer                 ;
+----------------+-------+--------------------------------+
Note: In order to hide this table in the UI and the text report file, please set the "Show Parameter Settings in Synthesis Report" option in "Analysis and Synthesis Settings -> More Settings" to "Off".


+--------------------------------------------------------------------------+
; Parameter Settings for User Entity Instance: ddfs:inst1|sin_lut:lut_inst ;
+----------------+-------+-------------------------------------------------+
; Parameter Name ; Value ; Type                                            ;
+----------------+-------+-------------------------------------------------+
; DATA_WIDTH     ; 12    ; Signed Integer                                  ;
; ADDR_WIDTH     ; 10    ; Signed Integer                                  ;
+----------------+-------+-------------------------------------------------+
Note: In order to hide this table in the UI and the text report file, please set the "Show Parameter Settings in Synthesis Report" option in "Analysis and Synthesis Settings -> More Settings" to "Off".


+---------------------------------------------------------------------------------------------------+
; Parameter Settings for Inferred Entity Instance: ddfs:inst1|sin_lut:lut_inst|altsyncram:rom_rtl_0 ;
+------------------------------------+--------------------------------------------+-----------------+
; Parameter Name                     ; Value                                      ; Type            ;
+------------------------------------+--------------------------------------------+-----------------+
; BYTE_SIZE_BLOCK                    ; 8                                          ; Untyped         ;
; AUTO_CARRY_CHAINS                  ; ON                                         ; AUTO_CARRY      ;
; IGNORE_CARRY_BUFFERS               ; OFF                                        ; IGNORE_CARRY    ;
; AUTO_CASCADE_CHAINS                ; ON                                         ; AUTO_CASCADE    ;
; IGNORE_CASCADE_BUFFERS             ; OFF                                        ; IGNORE_CASCADE  ;
; WIDTH_BYTEENA                      ; 1                                          ; Untyped         ;
; OPERATION_MODE                     ; ROM                                        ; Untyped         ;
; WIDTH_A                            ; 12                                         ; Untyped         ;
; WIDTHAD_A                          ; 10                                         ; Untyped         ;
; NUMWORDS_A                         ; 1024                                       ; Untyped         ;
; OUTDATA_REG_A                      ; UNREGISTERED                               ; Untyped         ;
; ADDRESS_ACLR_A                     ; NONE                                       ; Untyped         ;
; OUTDATA_ACLR_A                     ; NONE                                       ; Untyped         ;
; WRCONTROL_ACLR_A                   ; NONE                                       ; Untyped         ;
; INDATA_ACLR_A                      ; NONE                                       ; Untyped         ;
; BYTEENA_ACLR_A                     ; NONE                                       ; Untyped         ;
; WIDTH_B                            ; 1                                          ; Untyped         ;
; WIDTHAD_B                          ; 1                                          ; Untyped         ;
; NUMWORDS_B                         ; 1                                          ; Untyped         ;
; INDATA_REG_B                       ; CLOCK1                                     ; Untyped         ;
; WRCONTROL_WRADDRESS_REG_B          ; CLOCK1                                     ; Untyped         ;
; RDCONTROL_REG_B                    ; CLOCK1                                     ; Untyped         ;
; ADDRESS_REG_B                      ; CLOCK1                                     ; Untyped         ;
; OUTDATA_REG_B                      ; UNREGISTERED                               ; Untyped         ;
; BYTEENA_REG_B                      ; CLOCK1                                     ; Untyped         ;
; INDATA_ACLR_B                      ; NONE                                       ; Untyped         ;
; WRCONTROL_ACLR_B                   ; NONE                                       ; Untyped         ;
; ADDRESS_ACLR_B                     ; NONE                                       ; Untyped         ;
; OUTDATA_ACLR_B                     ; NONE                                       ; Untyped         ;
; RDCONTROL_ACLR_B                   ; NONE                                       ; Untyped         ;
; BYTEENA_ACLR_B                     ; NONE                                       ; Untyped         ;
; WIDTH_BYTEENA_A                    ; 1                                          ; Untyped         ;
; WIDTH_BYTEENA_B                    ; 1                                          ; Untyped         ;
; RAM_BLOCK_TYPE                     ; AUTO                                       ; Untyped         ;
; BYTE_SIZE                          ; 8                                          ; Untyped         ;
; READ_DURING_WRITE_MODE_MIXED_PORTS ; DONT_CARE                                  ; Untyped         ;
; READ_DURING_WRITE_MODE_PORT_A      ; NEW_DATA_NO_NBE_READ                       ; Untyped         ;
; READ_DURING_WRITE_MODE_PORT_B      ; NEW_DATA_NO_NBE_READ                       ; Untyped         ;
; INIT_FILE                          ; db/funct_gen.ram0_sin_lut_4402771f.hdl.mif ; Untyped         ;
; INIT_FILE_LAYOUT                   ; PORT_A                                     ; Untyped         ;
; MAXIMUM_DEPTH                      ; 0                                          ; Untyped         ;
; CLOCK_ENABLE_INPUT_A               ; NORMAL                                     ; Untyped         ;
; CLOCK_ENABLE_INPUT_B               ; NORMAL                                     ; Untyped         ;
; CLOCK_ENABLE_OUTPUT_A              ; NORMAL                                     ; Untyped         ;
; CLOCK_ENABLE_OUTPUT_B              ; NORMAL                                     ; Untyped         ;
; CLOCK_ENABLE_CORE_A                ; USE_INPUT_CLKEN                            ; Untyped         ;
; CLOCK_ENABLE_CORE_B                ; USE_INPUT_CLKEN                            ; Untyped         ;
; ENABLE_ECC                         ; FALSE                                      ; Untyped         ;
; ECC_PIPELINE_STAGE_ENABLED         ; FALSE                                      ; Untyped         ;
; WIDTH_ECCSTATUS                    ; 3                                          ; Untyped         ;
; DEVICE_FAMILY                      ; Cyclone II                                 ; Untyped         ;
; CBXI_PARAMETER                     ; altsyncram_p171                            ; Untyped         ;
+------------------------------------+--------------------------------------------+-----------------+
Note: In order to hide this table in the UI and the text report file, please set the "Show Parameter Settings in Synthesis Report" option in "Analysis and Synthesis Settings -> More Settings" to "Off".


+----------------------------------------------------------------------------------------------+
; altsyncram Parameter Settings by Entity Instance                                             ;
+-------------------------------------------+--------------------------------------------------+
; Name                                      ; Value                                            ;
+-------------------------------------------+--------------------------------------------------+
; Number of entity instances                ; 1                                                ;
; Entity Instance                           ; ddfs:inst1|sin_lut:lut_inst|altsyncram:rom_rtl_0 ;
;     -- OPERATION_MODE                     ; ROM                                              ;
;     -- WIDTH_A                            ; 12                                               ;
;     -- NUMWORDS_A                         ; 1024                                             ;
;     -- OUTDATA_REG_A                      ; UNREGISTERED                                     ;
;     -- WIDTH_B                            ; 1                                                ;
;     -- NUMWORDS_B                         ; 1                                                ;
;     -- ADDRESS_REG_B                      ; CLOCK1                                           ;
;     -- OUTDATA_REG_B                      ; UNREGISTERED                                     ;
;     -- RAM_BLOCK_TYPE                     ; AUTO                                             ;
;     -- READ_DURING_WRITE_MODE_MIXED_PORTS ; DONT_CARE                                        ;
+-------------------------------------------+--------------------------------------------------+


+----------------------------------------------------------------------------------------------------------------+
; Port Connectivity Checks: "ddfs:inst1|sin_lut:lut_inst"                                                        ;
+------+--------+----------+-------------------------------------------------------------------------------------+
; Port ; Type   ; Severity ; Details                                                                             ;
+------+--------+----------+-------------------------------------------------------------------------------------+
; q[0] ; Output ; Info     ; Connected to dangling logic. Logic that only feeds a dangling port will be removed. ;
+------+--------+----------+-------------------------------------------------------------------------------------+


+-------------------------------+
; Elapsed Time Per Partition    ;
+----------------+--------------+
; Partition Name ; Elapsed Time ;
+----------------+--------------+
; Top            ; 00:00:00     ;
+----------------+--------------+


+-------------------------------+
; Analysis & Synthesis Messages ;
+-------------------------------+
Info: *******************************************************************
Info: Running Quartus II 64-Bit Analysis & Synthesis
    Info: Version 13.0.1 Build 232 06/12/2013 Service Pack 1 SJ Web Edition
    Info: Processing started: Tue Dec 02 10:04:27 2025
Info: Command: quartus_map --read_settings_files=on --write_settings_files=off funct_gen -c funct_gen
Warning (20028): Parallel compilation is not licensed and has been disabled
Info (12021): Found 1 design units, including 1 entities, in source file sin_lut.v
    Info (12023): Found entity 1: sin_lut
Info (12021): Found 1 design units, including 1 entities, in source file sin_lut_tb.v
    Info (12023): Found entity 1: sin_lut_tb
Info (12021): Found 1 design units, including 1 entities, in source file ddfs.v
    Info (12023): Found entity 1: ddfs
Info (12021): Found 1 design units, including 1 entities, in source file tb_ddfs.v
    Info (12023): Found entity 1: tb_ddfs
Info (12021): Found 1 design units, including 1 entities, in source file tb_freq_divider.v
    Info (12023): Found entity 1: tb_freq_divider
Info (12021): Found 1 design units, including 1 entities, in source file freq_divider.v
    Info (12023): Found entity 1: freq_divider
Info (12021): Found 1 design units, including 1 entities, in source file funct_gen.bdf
    Info (12023): Found entity 1: funct_gen
Info (12127): Elaborating entity "funct_gen" for the top level hierarchy
Info (12128): Elaborating entity "ddfs" for hierarchy "ddfs:inst1"
Warning (10230): Verilog HDL assignment warning at ddfs.v(54): truncated value with size 32 to match size of target (12)
Warning (10230): Verilog HDL assignment warning at ddfs.v(68): truncated value with size 32 to match size of target (12)
Warning (10230): Verilog HDL assignment warning at ddfs.v(84): truncated value with size 32 to match size of target (10)
Warning (10230): Verilog HDL assignment warning at ddfs.v(90): truncated value with size 32 to match size of target (10)
Warning (10230): Verilog HDL assignment warning at ddfs.v(101): truncated value with size 32 to match size of target (12)
Warning (10230): Verilog HDL assignment warning at ddfs.v(112): truncated value with size 32 to match size of target (12)
Warning (10230): Verilog HDL assignment warning at ddfs.v(117): truncated value with size 32 to match size of target (12)
Info (12128): Elaborating entity "sin_lut" for hierarchy "ddfs:inst1|sin_lut:lut_inst"
Warning (10030): Net "rom.data_a" at sin_lut.v(17) has no driver or initial value, using a default initial value '0'
Warning (10030): Net "rom.waddr_a" at sin_lut.v(17) has no driver or initial value, using a default initial value '0'
Warning (10030): Net "rom.we_a" at sin_lut.v(17) has no driver or initial value, using a default initial value '0'
Info (12128): Elaborating entity "freq_divider" for hierarchy "ddfs:inst1|freq_divider:f_div_inst"
Warning (10230): Verilog HDL assignment warning at freq_divider.v(33): truncated value with size 32 to match size of target (20)
Warning (10230): Verilog HDL assignment warning at freq_divider.v(34): truncated value with size 32 to match size of target (20)
Warning (10230): Verilog HDL assignment warning at freq_divider.v(37): truncated value with size 32 to match size of target (20)
Warning (10230): Verilog HDL assignment warning at freq_divider.v(38): truncated value with size 32 to match size of target (20)
Warning (10230): Verilog HDL assignment warning at freq_divider.v(41): truncated value with size 32 to match size of target (20)
Warning (10230): Verilog HDL assignment warning at freq_divider.v(42): truncated value with size 32 to match size of target (20)
Warning (10230): Verilog HDL assignment warning at freq_divider.v(45): truncated value with size 32 to match size of target (20)
Warning (10230): Verilog HDL assignment warning at freq_divider.v(46): truncated value with size 32 to match size of target (20)
Warning (10230): Verilog HDL assignment warning at freq_divider.v(49): truncated value with size 32 to match size of target (20)
Warning (10230): Verilog HDL assignment warning at freq_divider.v(50): truncated value with size 32 to match size of target (20)
Warning (10230): Verilog HDL assignment warning at freq_divider.v(53): truncated value with size 32 to match size of target (20)
Warning (10230): Verilog HDL assignment warning at freq_divider.v(54): truncated value with size 32 to match size of target (20)
Warning (10230): Verilog HDL assignment warning at freq_divider.v(57): truncated value with size 32 to match size of target (20)
Warning (10230): Verilog HDL assignment warning at freq_divider.v(58): truncated value with size 32 to match size of target (20)
Info (19000): Inferred 1 megafunctions from design logic
    Info (276029): Inferred altsyncram megafunction from the following design logic: "ddfs:inst1|sin_lut:lut_inst|rom_rtl_0" 
        Info (286033): Parameter OPERATION_MODE set to ROM
        Info (286033): Parameter WIDTH_A set to 12
        Info (286033): Parameter WIDTHAD_A set to 10
        Info (286033): Parameter NUMWORDS_A set to 1024
        Info (286033): Parameter OUTDATA_REG_A set to UNREGISTERED
        Info (286033): Parameter ADDRESS_ACLR_A set to NONE
        Info (286033): Parameter OUTDATA_ACLR_A set to NONE
        Info (286033): Parameter INDATA_ACLR_A set to NONE
        Info (286033): Parameter WRCONTROL_ACLR_A set to NONE
        Info (286033): Parameter INIT_FILE set to db/funct_gen.ram0_sin_lut_4402771f.hdl.mif
Info (12130): Elaborated megafunction instantiation "ddfs:inst1|sin_lut:lut_inst|altsyncram:rom_rtl_0"
Info (12133): Instantiated megafunction "ddfs:inst1|sin_lut:lut_inst|altsyncram:rom_rtl_0" with the following parameter:
    Info (12134): Parameter "OPERATION_MODE" = "ROM"
    Info (12134): Parameter "WIDTH_A" = "12"
    Info (12134): Parameter "WIDTHAD_A" = "10"
    Info (12134): Parameter "NUMWORDS_A" = "1024"
    Info (12134): Parameter "OUTDATA_REG_A" = "UNREGISTERED"
    Info (12134): Parameter "ADDRESS_ACLR_A" = "NONE"
    Info (12134): Parameter "OUTDATA_ACLR_A" = "NONE"
    Info (12134): Parameter "INDATA_ACLR_A" = "NONE"
    Info (12134): Parameter "WRCONTROL_ACLR_A" = "NONE"
    Info (12134): Parameter "INIT_FILE" = "db/funct_gen.ram0_sin_lut_4402771f.hdl.mif"
Info (12021): Found 1 design units, including 1 entities, in source file db/altsyncram_p171.tdf
    Info (12023): Found entity 1: altsyncram_p171
Warning (14284): Synthesized away the following node(s):
    Warning (14285): Synthesized away the following RAM node(s):
        Warning (14320): Synthesized away node "ddfs:inst1|sin_lut:lut_inst|altsyncram:rom_rtl_0|altsyncram_p171:auto_generated|ram_block1a0"
Info (17049): 10 registers lost all their fanouts during netlist optimizations.
Info (16010): Generating hard_block partition "hard_block:auto_generated_inst"
    Info (16011): Adding 0 node(s), including 0 DDIO, 0 PLL, 0 transceiver and 0 LCELL
Info (21057): Implemented 210 device resources after synthesis - the final resource count might be different
    Info (21058): Implemented 16 input pins
    Info (21059): Implemented 12 output pins
    Info (21061): Implemented 171 logic cells
    Info (21064): Implemented 11 RAM segments
Info: Quartus II 64-Bit Analysis & Synthesis was successful. 0 errors, 28 warnings
    Info: Peak virtual memory: 4627 megabytes
    Info: Processing ended: Tue Dec 02 10:04:28 2025
    Info: Elapsed time: 00:00:01
    Info: Total CPU time (on all processors): 00:00:01


