Flow report for Keypad_module
Sat Dec 13 15:12:33 2025
Quartus II 64-Bit Version 13.0.1 Build 232 06/12/2013 Service Pack 1 SJ Web Edition


---------------------
; Table of Contents ;
---------------------
  1. Legal Notice
  2. Flow Summary
  3. Flow Settings
  4. Flow Non-Default Global Settings
  5. Flow Elapsed Time
  6. Flow OS Summary
  7. Flow Log
  8. Flow Messages
  9. Flow Suppressed Messages



----------------
; Legal Notice ;
----------------
Copyright (C) 1991-2013 Altera Corporation
Your use of Altera Corporation's design tools, logic functions 
and other software and tools, and its AMPP partner logic 
functions, and any output files from any of the foregoing 
(including device programming or simulation files), and any 
associated documentation or information are expressly subject 
to the terms and conditions of the Altera Program License 
Subscription Agreement, Altera MegaCore Function License 
Agreement, or other applicable license agreement, including, 
without limitation, that your use is for the sole purpose of 
programming logic devices manufactured by Altera and sold by 
Altera or its authorized distributors.  Please refer to the 
applicable agreement for further details.



+--------------------------------------------------------------------------------------+
; Flow Summary                                                                         ;
+------------------------------------+-------------------------------------------------+
; Flow Status                        ; Successful - Sat Dec 13 15:12:33 2025           ;
; Quartus II 64-Bit Version          ; 13.0.1 Build 232 06/12/2013 SP 1 SJ Web Edition ;
; Revision Name                      ; Keypad_module                                   ;
; Top-level Entity Name              ; keypad                                          ;
; Family                             ; Cyclone II                                      ;
; Device                             ; EP2C35F672C6                                    ;
; Timing Models                      ; Final                                           ;
; Total logic elements               ; 142 / 33,216 ( < 1 % )                          ;
;     Total combinational functions  ; 126 / 33,216 ( < 1 % )                          ;
;     Dedicated logic registers      ; 98 / 33,216 ( < 1 % )                           ;
; Total registers                    ; 98                                              ;
; Total pins                         ; 28 / 475 ( 6 % )                                ;
; Total virtual pins                 ; 0                                               ;
; Total memory bits                  ; 0 / 483,840 ( 0 % )                             ;
; Embedded Multiplier 9-bit elements ; 0 / 70 ( 0 % )                                  ;
; Total PLLs                         ; 0 / 4 ( 0 % )                                   ;
+------------------------------------+-------------------------------------------------+


+-----------------------------------------+
; Flow Settings                           ;
+-------------------+---------------------+
; Option            ; Setting             ;
+-------------------+---------------------+
; Start date & time ; 12/13/2025 15:12:22 ;
; Main task         ; Compilation         ;
; Revision Name     ; Keypad_module       ;
+-------------------+---------------------+


+------------------------------------------------------------------------------------------------------------------------+
; Flow Non-Default Global Settings                                                                                       ;
+--------------------------------------+--------------------------------+---------------+-------------+------------------+
; Assignment Name                      ; Value                          ; Default Value ; Entity Name ; Section Id       ;
+--------------------------------------+--------------------------------+---------------+-------------+------------------+
; BLOCK_DESIGN_NAMING                  ; MaxPlusII                      ; Auto          ; --          ; --               ;
; COMPILER_SIGNATURE_ID                ; 62291085593680.176563514228792 ; --            ; --          ; --               ;
; EDA_DESIGN_INSTANCE_NAME             ; NA                             ; --            ; --          ; tb_keypad_module ;
; EDA_NATIVELINK_SIMULATION_TEST_BENCH ; tb_keypad_module               ; --            ; --          ; eda_simulation   ;
; EDA_OUTPUT_DATA_FORMAT               ; Verilog Hdl                    ; --            ; --          ; eda_simulation   ;
; EDA_SIMULATION_TOOL                  ; ModelSim-Altera (Verilog)      ; <None>        ; --          ; --               ;
; EDA_TEST_BENCH_ENABLE_STATUS         ; TEST_BENCH_MODE                ; --            ; --          ; eda_simulation   ;
; EDA_TEST_BENCH_FILE                  ; tb_keypad_module.v             ; --            ; --          ; tb_keypad_module ;
; EDA_TEST_BENCH_MODULE_NAME           ; tb_keypad_module               ; --            ; --          ; tb_keypad_module ;
; EDA_TEST_BENCH_NAME                  ; tb_keypad_module               ; --            ; --          ; eda_simulation   ;
; EDA_TIME_SCALE                       ; 1 ps                           ; --            ; --          ; eda_simulation   ;
; MAX_CORE_JUNCTION_TEMP               ; 85                             ; --            ; --          ; --               ;
; MIN_CORE_JUNCTION_TEMP               ; 0                              ; --            ; --          ; --               ;
; PARTITION_COLOR                      ; 16764057                       ; --            ; keypad      ; Top              ;
; PARTITION_FITTER_PRESERVATION_LEVEL  ; PLACEMENT_AND_ROUTING          ; --            ; keypad      ; Top              ;
; PARTITION_NETLIST_TYPE               ; SOURCE                         ; --            ; keypad      ; Top              ;
; TOP_LEVEL_ENTITY                     ; keypad                         ; Keypad_module ; --          ; --               ;
+--------------------------------------+--------------------------------+---------------+-------------+------------------+


+-------------------------------------------------------------------------------------------------------------------------------+
; Flow Elapsed Time                                                                                                             ;
+---------------------------+--------------+-------------------------+---------------------+------------------------------------+
; Module Name               ; Elapsed Time ; Average Processors Used ; Peak Virtual Memory ; Total CPU Time (on all processors) ;
+---------------------------+--------------+-------------------------+---------------------+------------------------------------+
; Analysis & Synthesis      ; 00:00:00     ; 1.0                     ; 4597 MB             ; 00:00:01                           ;
; Fitter                    ; 00:00:05     ; 1.0                     ; 4878 MB             ; 00:00:05                           ;
; Assembler                 ; 00:00:02     ; 1.0                     ; 4566 MB             ; 00:00:02                           ;
; TimeQuest Timing Analyzer ; 00:00:01     ; 1.0                     ; 4557 MB             ; 00:00:01                           ;
; EDA Netlist Writer        ; 00:00:00     ; 1.0                     ; 4513 MB             ; 00:00:00                           ;
; Total                     ; 00:00:08     ; --                      ; --                  ; 00:00:09                           ;
+---------------------------+--------------+-------------------------+---------------------+------------------------------------+


+----------------------------------------------------------------------------------------+
; Flow OS Summary                                                                        ;
+---------------------------+------------------+-----------+------------+----------------+
; Module Name               ; Machine Hostname ; OS Name   ; OS Version ; Processor type ;
+---------------------------+------------------+-----------+------------+----------------+
; Analysis & Synthesis      ; Mario            ; Windows 7 ; 6.2        ; x86_64         ;
; Fitter                    ; Mario            ; Windows 7 ; 6.2        ; x86_64         ;
; Assembler                 ; Mario            ; Windows 7 ; 6.2        ; x86_64         ;
; TimeQuest Timing Analyzer ; Mario            ; Windows 7 ; 6.2        ; x86_64         ;
; EDA Netlist Writer        ; Mario            ; Windows 7 ; 6.2        ; x86_64         ;
+---------------------------+------------------+-----------+------------+----------------+


------------
; Flow Log ;
------------
quartus_map --read_settings_files=on --write_settings_files=off Keypad_module -c Keypad_module
quartus_fit --read_settings_files=off --write_settings_files=off Keypad_module -c Keypad_module
quartus_asm --read_settings_files=off --write_settings_files=off Keypad_module -c Keypad_module
quartus_sta Keypad_module -c Keypad_module
quartus_eda --read_settings_files=off --write_settings_files=off Keypad_module -c Keypad_module



