Analysis & Synthesis report for keypad_freq_sel_module
Sat Dec 13 16:06:22 2025
Quartus II 64-Bit Version 13.0.1 Build 232 06/12/2013 Service Pack 1 SJ Web Edition


---------------------
; Table of Contents ;
---------------------
  1. Legal Notice
  2. Analysis & Synthesis Summary
  3. Analysis & Synthesis Settings
  4. Parallel Compilation
  5. Analysis & Synthesis Source Files Read
  6. Analysis & Synthesis Resource Usage Summary
  7. Analysis & Synthesis Resource Utilization by Entity
  8. Logic Cells Representing Combinational Loops
  9. General Register Statistics
 10. Multiplexer Restructuring Statistics (Restructuring Performed)
 11. Parameter Settings for User Entity Instance: keypad_freq_sel_module:inst1
 12. Parameter Settings for User Entity Instance: keypad_freq_sel_module:inst1|freq_divider_keypad_module:freq_div
 13. Parameter Settings for User Entity Instance: keypad_freq_sel_module:inst1|keypad_module:keypad_mod_inst
 14. Parameter Settings for User Entity Instance: keypad_freq_sel_module:inst1|DDFS_frequency_converter:DDFS_freq_conv_inst
 15. Port Connectivity Checks: "keypad_freq_sel_module:inst1|freq_divider_keypad_module:freq_div"
 16. Elapsed Time Per Partition
 17. Analysis & Synthesis Messages
 18. Analysis & Synthesis Suppressed Messages



----------------
; Legal Notice ;
----------------
Copyright (C) 1991-2013 Altera Corporation
Your use of Altera Corporation's design tools, logic functions 
and other software and tools, and its AMPP partner logic 
functions, and any output files from any of the foregoing 
(including device programming or simulation files), and any 
associated documentation or information are expressly subject 
to the terms and conditions of the Altera Program License 
Subscription Agreement, Altera MegaCore Function License 
Agreement, or other applicable license agreement, including, 
without limitation, that your use is for the sole purpose of 
programming logic devices manufactured by Altera and sold by 
Altera or its authorized distributors.  Please refer to the 
applicable agreement for further details.



+--------------------------------------------------------------------------------------+
; Analysis & Synthesis Summary                                                         ;
+------------------------------------+-------------------------------------------------+
; Analysis & Synthesis Status        ; Successful - Sat Dec 13 16:06:21 2025           ;
; Quartus II 64-Bit Version          ; 13.0.1 Build 232 06/12/2013 SP 1 SJ Web Edition ;
; Revision Name                      ; keypad_freq_sel_module                          ;
; Top-level Entity Name              ; keypad_freq_sel                                 ;
; Family                             ; Cyclone II                                      ;
; Total logic elements               ; 802                                             ;
;     Total combinational functions  ; 783                                             ;
;     Dedicated logic registers      ; 199                                             ;
; Total registers                    ; 199                                             ;
; Total pins                         ; 84                                              ;
; Total virtual pins                 ; 0                                               ;
; Total memory bits                  ; 0                                               ;
; Embedded Multiplier 9-bit elements ; 0                                               ;
; Total PLLs                         ; 0                                               ;
+------------------------------------+-------------------------------------------------+


+--------------------------------------------------------------------------------------------------------------------------+
; Analysis & Synthesis Settings                                                                                            ;
+----------------------------------------------------------------------------+--------------------+------------------------+
; Option                                                                     ; Setting            ; Default Value          ;
+----------------------------------------------------------------------------+--------------------+------------------------+
; Device                                                                     ; EP2C35F672C6       ;                        ;
; Top-level entity name                                                      ; keypad_freq_sel    ; keypad_freq_sel_module ;
; Family name                                                                ; Cyclone II         ; Cyclone IV GX          ;
; Use smart compilation                                                      ; Off                ; Off                    ;
; Enable parallel Assembler and TimeQuest Timing Analyzer during compilation ; On                 ; On                     ;
; Enable compact report table                                                ; Off                ; Off                    ;
; Restructure Multiplexers                                                   ; Auto               ; Auto                   ;
; Create Debugging Nodes for IP Cores                                        ; Off                ; Off                    ;
; Preserve fewer node names                                                  ; On                 ; On                     ;
; Disable OpenCore Plus hardware evaluation                                  ; Off                ; Off                    ;
; Verilog Version                                                            ; Verilog_2001       ; Verilog_2001           ;
; VHDL Version                                                               ; VHDL_1993          ; VHDL_1993              ;
; State Machine Processing                                                   ; Auto               ; Auto                   ;
; Safe State Machine                                                         ; Off                ; Off                    ;
; Extract Verilog State Machines                                             ; On                 ; On                     ;
; Extract VHDL State Machines                                                ; On                 ; On                     ;
; Ignore Verilog initial constructs                                          ; Off                ; Off                    ;
; Iteration limit for constant Verilog loops                                 ; 5000               ; 5000                   ;
; Iteration limit for non-constant Verilog loops                             ; 250                ; 250                    ;
; Add Pass-Through Logic to Inferred RAMs                                    ; On                 ; On                     ;
; Infer RAMs from Raw Logic                                                  ; On                 ; On                     ;
; Parallel Synthesis                                                         ; On                 ; On                     ;
; DSP Block Balancing                                                        ; Auto               ; Auto                   ;
; NOT Gate Push-Back                                                         ; On                 ; On                     ;
; Power-Up Don't Care                                                        ; On                 ; On                     ;
; Remove Redundant Logic Cells                                               ; Off                ; Off                    ;
; Remove Duplicate Registers                                                 ; On                 ; On                     ;
; Ignore CARRY Buffers                                                       ; Off                ; Off                    ;
; Ignore CASCADE Buffers                                                     ; Off                ; Off                    ;
; Ignore GLOBAL Buffers                                                      ; Off                ; Off                    ;
; Ignore ROW GLOBAL Buffers                                                  ; Off                ; Off                    ;
; Ignore LCELL Buffers                                                       ; Off                ; Off                    ;
; Ignore SOFT Buffers                                                        ; On                 ; On                     ;
; Limit AHDL Integers to 32 Bits                                             ; Off                ; Off                    ;
; Optimization Technique                                                     ; Balanced           ; Balanced               ;
; Carry Chain Length                                                         ; 70                 ; 70                     ;
; Auto Carry Chains                                                          ; On                 ; On                     ;
; Auto Open-Drain Pins                                                       ; On                 ; On                     ;
; Perform WYSIWYG Primitive Resynthesis                                      ; Off                ; Off                    ;
; Auto ROM Replacement                                                       ; On                 ; On                     ;
; Auto RAM Replacement                                                       ; On                 ; On                     ;
; Auto Shift Register Replacement                                            ; Auto               ; Auto                   ;
; Allow Shift Register Merging across Hierarchies                            ; Auto               ; Auto                   ;
; Auto Clock Enable Replacement                                              ; On                 ; On                     ;
; Strict RAM Replacement                                                     ; Off                ; Off                    ;
; Allow Synchronous Control Signals                                          ; On                 ; On                     ;
; Force Use of Synchronous Clear Signals                                     ; Off                ; Off                    ;
; Auto RAM to Logic Cell Conversion                                          ; Off                ; Off                    ;
; Auto Resource Sharing                                                      ; Off                ; Off                    ;
; Allow Any RAM Size For Recognition                                         ; Off                ; Off                    ;
; Allow Any ROM Size For Recognition                                         ; Off                ; Off                    ;
; Allow Any Shift Register Size For Recognition                              ; Off                ; Off                    ;
; Use LogicLock Constraints during Resource Balancing                        ; On                 ; On                     ;
; Ignore translate_off and synthesis_off directives                          ; Off                ; Off                    ;
; Timing-Driven Synthesis                                                    ; Off                ; Off                    ;
; Report Parameter Settings                                                  ; On                 ; On                     ;
; Report Source Assignments                                                  ; On                 ; On                     ;
; Report Connectivity Checks                                                 ; On                 ; On                     ;
; Ignore Maximum Fan-Out Assignments                                         ; Off                ; Off                    ;
; Synchronization Register Chain Length                                      ; 2                  ; 2                      ;
; PowerPlay Power Optimization                                               ; Normal compilation ; Normal compilation     ;
; HDL message level                                                          ; Level2             ; Level2                 ;
; Suppress Register Optimization Related Messages                            ; Off                ; Off                    ;
; Number of Removed Registers Reported in Synthesis Report                   ; 5000               ; 5000                   ;
; Number of Swept Nodes Reported in Synthesis Report                         ; 5000               ; 5000                   ;
; Number of Inverted Registers Reported in Synthesis Report                  ; 100                ; 100                    ;
; Clock MUX Protection                                                       ; On                 ; On                     ;
; Auto Gated Clock Conversion                                                ; Off                ; Off                    ;
; Block Design Naming                                                        ; Auto               ; Auto                   ;
; SDC constraint protection                                                  ; Off                ; Off                    ;
; Synthesis Effort                                                           ; Auto               ; Auto                   ;
; Shift Register Replacement - Allow Asynchronous Clear Signal               ; On                 ; On                     ;
; Pre-Mapping Resynthesis Optimization                                       ; Off                ; Off                    ;
; Analysis & Synthesis Message Level                                         ; Medium             ; Medium                 ;
; Disable Register Merging Across Hierarchies                                ; Auto               ; Auto                   ;
; Resource Aware Inference For Block RAM                                     ; On                 ; On                     ;
; Synthesis Seed                                                             ; 1                  ; 1                      ;
+----------------------------------------------------------------------------+--------------------+------------------------+


Parallel compilation was disabled, but you have multiple processors available. Enable parallel compilation to reduce compilation time.
+-------------------------------------+
; Parallel Compilation                ;
+----------------------------+--------+
; Processors                 ; Number ;
+----------------------------+--------+
; Number detected on machine ; 12     ;
; Maximum allowed            ; 1      ;
+----------------------------+--------+


+-----------------------------------------------------------------------------------------------------------------------------------------------------------------------------------------------------------------------------+
; Analysis & Synthesis Source Files Read                                                                                                                                                                                      ;
+----------------------------------+-----------------+------------------------------------+-------------------------------------------------------------------------------------------------------------------------+---------+
; File Name with User-Entered Path ; Used in Netlist ; File Type                          ; File Name with Absolute Path                                                                                            ; Library ;
+----------------------------------+-----------------+------------------------------------+-------------------------------------------------------------------------------------------------------------------------+---------+
; keypad_module.v                  ; yes             ; User Verilog HDL File              ; C:/Users/posta/Desktop/Programmi/Verilog/Function_generator/Keypad_frequency_select_module/keypad_module.v              ;         ;
; DDFS_frequency_converter.v       ; yes             ; User Verilog HDL File              ; C:/Users/posta/Desktop/Programmi/Verilog/Function_generator/Keypad_frequency_select_module/DDFS_frequency_converter.v   ;         ;
; keypad_freq_sel_module.v         ; yes             ; User Verilog HDL File              ; C:/Users/posta/Desktop/Programmi/Verilog/Function_generator/Keypad_frequency_select_module/keypad_freq_sel_module.v     ;         ;
; BCD_to_C2_converter.v            ; yes             ; User Verilog HDL File              ; C:/Users/posta/Desktop/Programmi/Verilog/Function_generator/Keypad_frequency_select_module/BCD_to_C2_converter.v        ;         ;
; BCD_to_7seg.v                    ; yes             ; User Verilog HDL File              ; C:/Users/posta/Desktop/Programmi/Verilog/Function_generator/Keypad_frequency_select_module/BCD_to_7seg.v                ;         ;
; keypad_freq_sel.bdf              ; yes             ; User Block Diagram/Schematic File  ; C:/Users/posta/Desktop/Programmi/Verilog/Function_generator/Keypad_frequency_select_module/keypad_freq_sel.bdf          ;         ;
; freq_divider_keypad_module.v     ; yes             ; User Verilog HDL File              ; C:/Users/posta/Desktop/Programmi/Verilog/Function_generator/Keypad_frequency_select_module/freq_divider_keypad_module.v ;         ;
+----------------------------------+-----------------+------------------------------------+-------------------------------------------------------------------------------------------------------------------------+---------+


+------------------------------------------------------------------------------------------------------------------+
; Analysis & Synthesis Resource Usage Summary                                                                      ;
+---------------------------------------------+--------------------------------------------------------------------+
; Resource                                    ; Usage                                                              ;
+---------------------------------------------+--------------------------------------------------------------------+
; Estimated Total logic elements              ; 802                                                                ;
;                                             ;                                                                    ;
; Total combinational functions               ; 783                                                                ;
; Logic element usage by number of LUT inputs ;                                                                    ;
;     -- 4 input functions                    ; 211                                                                ;
;     -- 3 input functions                    ; 212                                                                ;
;     -- <=2 input functions                  ; 360                                                                ;
;                                             ;                                                                    ;
; Logic elements by mode                      ;                                                                    ;
;     -- normal mode                          ; 367                                                                ;
;     -- arithmetic mode                      ; 416                                                                ;
;                                             ;                                                                    ;
; Total registers                             ; 199                                                                ;
;     -- Dedicated logic registers            ; 199                                                                ;
;     -- I/O registers                        ; 0                                                                  ;
;                                             ;                                                                    ;
; I/O pins                                    ; 84                                                                 ;
; Embedded Multiplier 9-bit elements          ; 0                                                                  ;
; Maximum fan-out node                        ; keypad_freq_sel_module:inst1|freq_divider_keypad_module:freq_div|q ;
; Maximum fan-out                             ; 167                                                                ;
; Total fan-out                               ; 2895                                                               ;
; Average fan-out                             ; 2.72                                                               ;
+---------------------------------------------+--------------------------------------------------------------------+


+------------------------------------------------------------------------------------------------------------------------------------------------------------------------------------------------------------------------------------------------------------------------------+
; Analysis & Synthesis Resource Utilization by Entity                                                                                                                                                                                                                          ;
+------------------------------------------------------+-------------------+--------------+-------------+--------------+---------+-----------+------+--------------+--------------------------------------------------------------------------------------------+--------------+
; Compilation Hierarchy Node                           ; LC Combinationals ; LC Registers ; Memory Bits ; DSP Elements ; DSP 9x9 ; DSP 18x18 ; Pins ; Virtual Pins ; Full Hierarchy Name                                                                        ; Library Name ;
+------------------------------------------------------+-------------------+--------------+-------------+--------------+---------+-----------+------+--------------+--------------------------------------------------------------------------------------------+--------------+
; |keypad_freq_sel                                     ; 783 (1)           ; 199 (0)      ; 0           ; 0            ; 0       ; 0         ; 84   ; 0            ; |keypad_freq_sel                                                                           ; work         ;
;    |keypad_freq_sel_module:inst1|                    ; 733 (192)         ; 199 (101)    ; 0           ; 0            ; 0       ; 0         ; 0    ; 0            ; |keypad_freq_sel|keypad_freq_sel_module:inst1                                              ; work         ;
;       |BCD_to_C2_converter:BCD_C2_conv_inst|         ; 374 (374)         ; 0 (0)        ; 0           ; 0            ; 0       ; 0         ; 0    ; 0            ; |keypad_freq_sel|keypad_freq_sel_module:inst1|BCD_to_C2_converter:BCD_C2_conv_inst         ; work         ;
;       |DDFS_frequency_converter:DDFS_freq_conv_inst| ; 44 (44)           ; 0 (0)        ; 0           ; 0            ; 0       ; 0         ; 0    ; 0            ; |keypad_freq_sel|keypad_freq_sel_module:inst1|DDFS_frequency_converter:DDFS_freq_conv_inst ; work         ;
;       |freq_divider_keypad_module:freq_div|          ; 49 (49)           ; 33 (33)      ; 0           ; 0            ; 0       ; 0         ; 0    ; 0            ; |keypad_freq_sel|keypad_freq_sel_module:inst1|freq_divider_keypad_module:freq_div          ; work         ;
;       |keypad_module:keypad_mod_inst|                ; 74 (74)           ; 65 (65)      ; 0           ; 0            ; 0       ; 0         ; 0    ; 0            ; |keypad_freq_sel|keypad_freq_sel_module:inst1|keypad_module:keypad_mod_inst                ; work         ;
;    |mux7seg:inst2|                                   ; 7 (7)             ; 0 (0)        ; 0           ; 0            ; 0       ; 0         ; 0    ; 0            ; |keypad_freq_sel|mux7seg:inst2                                                             ; work         ;
;    |mux7seg:inst3|                                   ; 7 (7)             ; 0 (0)        ; 0           ; 0            ; 0       ; 0         ; 0    ; 0            ; |keypad_freq_sel|mux7seg:inst3                                                             ; work         ;
;    |mux7seg:inst4|                                   ; 7 (7)             ; 0 (0)        ; 0           ; 0            ; 0       ; 0         ; 0    ; 0            ; |keypad_freq_sel|mux7seg:inst4                                                             ; work         ;
;    |mux7seg:inst5|                                   ; 7 (7)             ; 0 (0)        ; 0           ; 0            ; 0       ; 0         ; 0    ; 0            ; |keypad_freq_sel|mux7seg:inst5                                                             ; work         ;
;    |mux7seg:inst6|                                   ; 7 (7)             ; 0 (0)        ; 0           ; 0            ; 0       ; 0         ; 0    ; 0            ; |keypad_freq_sel|mux7seg:inst6                                                             ; work         ;
;    |mux7seg:inst7|                                   ; 7 (7)             ; 0 (0)        ; 0           ; 0            ; 0       ; 0         ; 0    ; 0            ; |keypad_freq_sel|mux7seg:inst7                                                             ; work         ;
;    |mux7seg:inst|                                    ; 7 (7)             ; 0 (0)        ; 0           ; 0            ; 0       ; 0         ; 0    ; 0            ; |keypad_freq_sel|mux7seg:inst                                                              ; work         ;
+------------------------------------------------------+-------------------+--------------+-------------+--------------+---------+-----------+------+--------------+--------------------------------------------------------------------------------------------+--------------+
Note: For table entries with two numbers listed, the numbers in parentheses indicate the number of resources of the given type used by the specific entity alone. The numbers listed outside of parentheses indicate the total resources of the given type used by the specific entity and all of its sub-entities in the hierarchy.


+-------------------------------------------------------------------------------+
; Logic Cells Representing Combinational Loops                                  ;
+---------------------------------------------------------------------------+---+
; Logic Cell Name                                                           ;   ;
+---------------------------------------------------------------------------+---+
; keypad_freq_sel_module:inst1|BCD_to_C2_converter:BCD_C2_conv_inst|Add4~0  ;   ;
; keypad_freq_sel_module:inst1|BCD_to_C2_converter:BCD_C2_conv_inst|Add9~0  ;   ;
; keypad_freq_sel_module:inst1|BCD_to_C2_converter:BCD_C2_conv_inst|Add15~0 ;   ;
; keypad_freq_sel_module:inst1|BCD_to_C2_converter:BCD_C2_conv_inst|Add23~0 ;   ;
; Number of logic cells representing combinational loops                    ; 4 ;
+---------------------------------------------------------------------------+---+
Note: All cells listed above may not be present at the end of synthesis due to various synthesis optimizations.


+------------------------------------------------------+
; General Register Statistics                          ;
+----------------------------------------------+-------+
; Statistic                                    ; Value ;
+----------------------------------------------+-------+
; Total registers                              ; 199   ;
; Number of registers using Synchronous Clear  ; 65    ;
; Number of registers using Synchronous Load   ; 54    ;
; Number of registers using Asynchronous Clear ; 0     ;
; Number of registers using Asynchronous Load  ; 0     ;
; Number of registers using Clock Enable       ; 94    ;
; Number of registers using Preset             ; 0     ;
+----------------------------------------------+-------+


+------------------------------------------------------------------------------------------------------------------------------------------------------------------------------------------------------------+
; Multiplexer Restructuring Statistics (Restructuring Performed)                                                                                                                                             ;
+--------------------+-----------+---------------+----------------------+------------------------+------------+----------------------------------------------------------------------------------------------+
; Multiplexer Inputs ; Bus Width ; Baseline Area ; Area if Restructured ; Saving if Restructured ; Registered ; Example Multiplexer Output                                                                   ;
+--------------------+-----------+---------------+----------------------+------------------------+------------+----------------------------------------------------------------------------------------------+
; 3:1                ; 32 bits   ; 64 LEs        ; 64 LEs               ; 0 LEs                  ; Yes        ; |keypad_freq_sel|keypad_freq_sel_module:inst1|cont[4]                                        ;
; 4:1                ; 16 bits   ; 32 LEs        ; 16 LEs               ; 16 LEs                 ; Yes        ; |keypad_freq_sel|keypad_freq_sel_module:inst1|keypad_module:keypad_mod_inst|tmp_out_keys[14] ;
; 4:1                ; 32 bits   ; 64 LEs        ; 32 LEs               ; 32 LEs                 ; Yes        ; |keypad_freq_sel|keypad_freq_sel_module:inst1|keypad_module:keypad_mod_inst|i_column[7]      ;
; 5:1                ; 28 bits   ; 84 LEs        ; 28 LEs               ; 56 LEs                 ; Yes        ; |keypad_freq_sel|keypad_freq_sel_module:inst1|BCD_5[0]                                       ;
; 11:1               ; 4 bits    ; 28 LEs        ; 8 LEs                ; 20 LEs                 ; Yes        ; |keypad_freq_sel|keypad_freq_sel_module:inst1|freq_7[0]                                      ;
; 11:1               ; 22 bits   ; 154 LEs       ; 44 LEs               ; 110 LEs                ; Yes        ; |keypad_freq_sel|keypad_freq_sel_module:inst1|freq_2[3]                                      ;
+--------------------+-----------+---------------+----------------------+------------------------+------------+----------------------------------------------------------------------------------------------+


+-----------------------------------------------------------------------------------------------------+
; Parameter Settings for User Entity Instance: keypad_freq_sel_module:inst1                           ;
+----------------+------------------------------------------------------------------+-----------------+
; Parameter Name ; Value                                                            ; Type            ;
+----------------+------------------------------------------------------------------+-----------------+
; N_COLUMN       ; 4                                                                ; Signed Integer  ;
; N_ROW          ; 4                                                                ; Signed Integer  ;
; CLK_FREQ       ; 0000000000000000000000000000000000000010111110101111000010000000 ; Unsigned Binary ;
; SCAN_FREQ      ; 0000000000000000000000000000000000000000000000000010011100010000 ; Unsigned Binary ;
+----------------+------------------------------------------------------------------+-----------------+
Note: In order to hide this table in the UI and the text report file, please set the "Show Parameter Settings in Synthesis Report" option in "Analysis and Synthesis Settings -> More Settings" to "Off".


+---------------------------------------------------------------------------------------------------------------+
; Parameter Settings for User Entity Instance: keypad_freq_sel_module:inst1|freq_divider_keypad_module:freq_div ;
+----------------+------------------------------------------------------------------+---------------------------+
; Parameter Name ; Value                                                            ; Type                      ;
+----------------+------------------------------------------------------------------+---------------------------+
; FREQ_DIV       ; 0000000000000000000000000000000000000000000000000001001110001000 ; Unsigned Binary           ;
+----------------+------------------------------------------------------------------+---------------------------+
Note: In order to hide this table in the UI and the text report file, please set the "Show Parameter Settings in Synthesis Report" option in "Analysis and Synthesis Settings -> More Settings" to "Off".


+---------------------------------------------------------------------------------------------------------+
; Parameter Settings for User Entity Instance: keypad_freq_sel_module:inst1|keypad_module:keypad_mod_inst ;
+----------------+-------+--------------------------------------------------------------------------------+
; Parameter Name ; Value ; Type                                                                           ;
+----------------+-------+--------------------------------------------------------------------------------+
; N_COLUMN       ; 4     ; Signed Integer                                                                 ;
; N_ROW          ; 4     ; Signed Integer                                                                 ;
+----------------+-------+--------------------------------------------------------------------------------+
Note: In order to hide this table in the UI and the text report file, please set the "Show Parameter Settings in Synthesis Report" option in "Analysis and Synthesis Settings -> More Settings" to "Off".


+------------------------------------------------------------------------------------------------------------------------+
; Parameter Settings for User Entity Instance: keypad_freq_sel_module:inst1|DDFS_frequency_converter:DDFS_freq_conv_inst ;
+----------------+------------------------------------------------------------------+------------------------------------+
; Parameter Name ; Value                                                            ; Type                               ;
+----------------+------------------------------------------------------------------+------------------------------------+
; CLK_FREQ       ; 0000000000000000000000000000000000000010111110101111000010000000 ; Unsigned Binary                    ;
+----------------+------------------------------------------------------------------+------------------------------------+
Note: In order to hide this table in the UI and the text report file, please set the "Show Parameter Settings in Synthesis Report" option in "Analysis and Synthesis Settings -> More Settings" to "Off".


+----------------------------------------------------------------------------------------------+
; Port Connectivity Checks: "keypad_freq_sel_module:inst1|freq_divider_keypad_module:freq_div" ;
+------+-------+----------+--------------------------------------------------------------------+
; Port ; Type  ; Severity ; Details                                                            ;
+------+-------+----------+--------------------------------------------------------------------+
; rst  ; Input ; Info     ; Stuck at GND                                                       ;
; ena  ; Input ; Info     ; Stuck at VCC                                                       ;
+------+-------+----------+--------------------------------------------------------------------+


+-------------------------------+
; Elapsed Time Per Partition    ;
+----------------+--------------+
; Partition Name ; Elapsed Time ;
+----------------+--------------+
; Top            ; 00:00:01     ;
+----------------+--------------+


+-------------------------------+
; Analysis & Synthesis Messages ;
+-------------------------------+
Info: *******************************************************************
Info: Running Quartus II 64-Bit Analysis & Synthesis
    Info: Version 13.0.1 Build 232 06/12/2013 Service Pack 1 SJ Web Edition
    Info: Processing started: Sat Dec 13 16:06:19 2025
Info: Command: quartus_map --read_settings_files=on --write_settings_files=off keypad_freq_sel_module -c keypad_freq_sel_module
Warning (20028): Parallel compilation is not licensed and has been disabled
Info (12021): Found 1 design units, including 1 entities, in source file tb_keypad_module.v
    Info (12023): Found entity 1: tb_keypad_module
Info (12021): Found 1 design units, including 1 entities, in source file tb_ddfs_frequency_converter.v
    Info (12023): Found entity 1: tb_DDFS_frequency_converter
Info (12021): Found 1 design units, including 1 entities, in source file keypad_module.v
    Info (12023): Found entity 1: keypad_module
Info (12021): Found 1 design units, including 1 entities, in source file ddfs_frequency_converter.v
    Info (12023): Found entity 1: DDFS_frequency_converter
Info (12021): Found 1 design units, including 1 entities, in source file keypad_freq_sel_module.v
    Info (12023): Found entity 1: keypad_freq_sel_module
Info (12021): Found 1 design units, including 1 entities, in source file bcd_to_c2_converter.v
    Info (12023): Found entity 1: BCD_to_C2_converter
Info (12021): Found 1 design units, including 1 entities, in source file bcd_to_7seg.v
    Info (12023): Found entity 1: mux7seg
Info (12021): Found 1 design units, including 1 entities, in source file 7seg_tst.bdf
    Info (12023): Found entity 1: 7seg_tst
Info (12021): Found 1 design units, including 1 entities, in source file keypad_freq_sel.bdf
    Info (12023): Found entity 1: keypad_freq_sel
Info (12021): Found 1 design units, including 1 entities, in source file c2_to_bcd_converter.v
    Info (12023): Found entity 1: C2_to_BCD_converter
Info (12021): Found 1 design units, including 1 entities, in source file freq_divider_keypad_module.v
    Info (12023): Found entity 1: freq_divider_keypad_module
Info (12127): Elaborating entity "keypad_freq_sel" for the top level hierarchy
Info (12128): Elaborating entity "keypad_freq_sel_module" for hierarchy "keypad_freq_sel_module:inst1"
Warning (10230): Verilog HDL assignment warning at keypad_freq_sel_module.v(186): truncated value with size 32 to match size of target (3)
Warning (10230): Verilog HDL assignment warning at keypad_freq_sel_module.v(203): truncated value with size 32 to match size of target (3)
Warning (10230): Verilog HDL assignment warning at keypad_freq_sel_module.v(220): truncated value with size 32 to match size of target (3)
Warning (10230): Verilog HDL assignment warning at keypad_freq_sel_module.v(237): truncated value with size 32 to match size of target (3)
Warning (10230): Verilog HDL assignment warning at keypad_freq_sel_module.v(254): truncated value with size 32 to match size of target (3)
Warning (10230): Verilog HDL assignment warning at keypad_freq_sel_module.v(271): truncated value with size 32 to match size of target (3)
Warning (10230): Verilog HDL assignment warning at keypad_freq_sel_module.v(288): truncated value with size 32 to match size of target (3)
Warning (10230): Verilog HDL assignment warning at keypad_freq_sel_module.v(305): truncated value with size 32 to match size of target (3)
Warning (10230): Verilog HDL assignment warning at keypad_freq_sel_module.v(322): truncated value with size 32 to match size of target (3)
Warning (10230): Verilog HDL assignment warning at keypad_freq_sel_module.v(333): truncated value with size 32 to match size of target (3)
Warning (10230): Verilog HDL assignment warning at keypad_freq_sel_module.v(371): truncated value with size 32 to match size of target (3)
Info (10264): Verilog HDL Case Statement information at keypad_freq_sel_module.v(169): all case item expressions in this case statement are onehot
Info (12128): Elaborating entity "freq_divider_keypad_module" for hierarchy "keypad_freq_sel_module:inst1|freq_divider_keypad_module:freq_div"
Info (12128): Elaborating entity "keypad_module" for hierarchy "keypad_freq_sel_module:inst1|keypad_module:keypad_mod_inst"
Warning (10230): Verilog HDL assignment warning at keypad_module.v(78): truncated value with size 32 to match size of target (4)
Info (12128): Elaborating entity "BCD_to_C2_converter" for hierarchy "keypad_freq_sel_module:inst1|BCD_to_C2_converter:BCD_C2_conv_inst"
Warning (10230): Verilog HDL assignment warning at BCD_to_C2_converter.v(46): truncated value with size 24 to match size of target (23)
Info (12128): Elaborating entity "DDFS_frequency_converter" for hierarchy "keypad_freq_sel_module:inst1|DDFS_frequency_converter:DDFS_freq_conv_inst"
Warning (10230): Verilog HDL assignment warning at DDFS_frequency_converter.v(43): truncated value with size 64 to match size of target (7)
Warning (10230): Verilog HDL assignment warning at DDFS_frequency_converter.v(44): truncated value with size 64 to match size of target (7)
Warning (10230): Verilog HDL assignment warning at DDFS_frequency_converter.v(45): truncated value with size 64 to match size of target (7)
Warning (10230): Verilog HDL assignment warning at DDFS_frequency_converter.v(46): truncated value with size 64 to match size of target (7)
Warning (10230): Verilog HDL assignment warning at DDFS_frequency_converter.v(47): truncated value with size 64 to match size of target (7)
Warning (10230): Verilog HDL assignment warning at DDFS_frequency_converter.v(48): truncated value with size 64 to match size of target (7)
Warning (10230): Verilog HDL assignment warning at DDFS_frequency_converter.v(49): truncated value with size 64 to match size of target (7)
Info (12128): Elaborating entity "mux7seg" for hierarchy "mux7seg:inst"
Warning (13024): Output pins are stuck at VCC or GND
    Warning (13410): Pin "HEX7[6]" is stuck at VCC
    Warning (13410): Pin "HEX7[5]" is stuck at VCC
    Warning (13410): Pin "HEX7[4]" is stuck at VCC
    Warning (13410): Pin "HEX7[3]" is stuck at VCC
    Warning (13410): Pin "HEX7[2]" is stuck at VCC
    Warning (13410): Pin "HEX7[1]" is stuck at VCC
    Warning (13410): Pin "HEX7[0]" is stuck at VCC
    Warning (13410): Pin "LEDR[9]" is stuck at GND
    Warning (13410): Pin "LEDR[8]" is stuck at GND
    Warning (13410): Pin "LEDR[7]" is stuck at GND
    Warning (13410): Pin "LEDR[6]" is stuck at GND
    Warning (13410): Pin "LEDR[5]" is stuck at GND
    Warning (13410): Pin "LEDR[4]" is stuck at GND
    Warning (13410): Pin "LEDR[3]" is stuck at GND
Info (144001): Generated suppressed messages file C:/Users/posta/Desktop/Programmi/Verilog/Function_generator/Keypad_frequency_select_module/output_files/keypad_freq_sel_module.map.smsg
Info (16010): Generating hard_block partition "hard_block:auto_generated_inst"
    Info (16011): Adding 0 node(s), including 0 DDIO, 0 PLL, 0 transceiver and 0 LCELL
Info (21057): Implemented 886 device resources after synthesis - the final resource count might be different
    Info (21058): Implemented 6 input pins
    Info (21059): Implemented 78 output pins
    Info (21061): Implemented 802 logic cells
Info: Quartus II 64-Bit Analysis & Synthesis was successful. 0 errors, 36 warnings
    Info: Peak virtual memory: 4608 megabytes
    Info: Processing ended: Sat Dec 13 16:06:22 2025
    Info: Elapsed time: 00:00:03
    Info: Total CPU time (on all processors): 00:00:02


+------------------------------------------+
; Analysis & Synthesis Suppressed Messages ;
+------------------------------------------+
The suppressed messages can be found in C:/Users/posta/Desktop/Programmi/Verilog/Function_generator/Keypad_frequency_select_module/output_files/keypad_freq_sel_module.map.smsg.


