Flow report for funct_gen
Fri Nov 14 11:16:22 2025
Quartus II 64-Bit Version 13.0.1 Build 232 06/12/2013 Service Pack 1 SJ Web Edition


---------------------
; Table of Contents ;
---------------------
  1. EDA Netlist Writer Summary
  2. Legal Notice
  3. Flow Summary
  4. Flow Settings
  5. Flow Non-Default Global Settings
  6. Flow Elapsed Time
  7. Flow OS Summary
  8. Flow Log
  9. Flow Messages
 10. Flow Suppressed Messages



+-------------------------------------------------------------------+
; EDA Netlist Writer Summary                                        ;
+---------------------------+---------------------------------------+
; EDA Netlist Writer Status ; Successful - Fri Nov 14 11:16:22 2025 ;
; Revision Name             ; funct_gen                             ;
; Top-level Entity Name     ; funct_gen                             ;
; Family                    ; Cyclone II                            ;
; Simulation Files Creation ; Successful                            ;
+---------------------------+---------------------------------------+


----------------
; Legal Notice ;
----------------
Copyright (C) 1991-2013 Altera Corporation
Your use of Altera Corporation's design tools, logic functions 
and other software and tools, and its AMPP partner logic 
functions, and any output files from any of the foregoing 
(including device programming or simulation files), and any 
associated documentation or information are expressly subject 
to the terms and conditions of the Altera Program License 
Subscription Agreement, Altera MegaCore Function License 
Agreement, or other applicable license agreement, including, 
without limitation, that your use is for the sole purpose of 
programming logic devices manufactured by Altera and sold by 
Altera or its authorized distributors.  Please refer to the 
applicable agreement for further details.



+--------------------------------------------------------------------------------------+
; Flow Summary                                                                         ;
+------------------------------------+-------------------------------------------------+
; Flow Status                        ; Successful - Fri Nov 14 11:16:22 2025           ;
; Quartus II 64-Bit Version          ; 13.0.1 Build 232 06/12/2013 SP 1 SJ Web Edition ;
; Revision Name                      ; funct_gen                                       ;
; Top-level Entity Name              ; funct_gen                                       ;
; Family                             ; Cyclone II                                      ;
; Device                             ; EP2C35F672C6                                    ;
; Timing Models                      ; Final                                           ;
; Total logic elements               ; 242 / 33,216 ( < 1 % )                          ;
;     Total combinational functions  ; 242 / 33,216 ( < 1 % )                          ;
;     Dedicated logic registers      ; 38 / 33,216 ( < 1 % )                           ;
; Total registers                    ; 38                                              ;
; Total pins                         ; 25 / 475 ( 5 % )                                ;
; Total virtual pins                 ; 0                                               ;
; Total memory bits                  ; 1,408 / 483,840 ( < 1 % )                       ;
; Embedded Multiplier 9-bit elements ; 0 / 70 ( 0 % )                                  ;
; Total PLLs                         ; 0 / 4 ( 0 % )                                   ;
+------------------------------------+-------------------------------------------------+


+-----------------------------------------+
; Flow Settings                           ;
+-------------------+---------------------+
; Option            ; Setting             ;
+-------------------+---------------------+
; Start date & time ; 11/14/2025 11:15:53 ;
; Main task         ; Compilation         ;
; Revision Name     ; funct_gen           ;
+-------------------+---------------------+


+----------------------------------------------------------------------------------------------------------------------------------------+
; Flow Non-Default Global Settings                                                                                                       ;
+--------------------------------------------+---------------------------------------+---------------+-------------+---------------------+
; Assignment Name                            ; Value                                 ; Default Value ; Entity Name ; Section Id          ;
+--------------------------------------------+---------------------------------------+---------------+-------------+---------------------+
; BLOCK_DESIGN_NAMING                        ; MaxPlusII                             ; Auto          ; --          ; --                  ;
; COMPILER_SIGNATURE_ID                      ; 154031906614472.176311535304512       ; --            ; --          ; --                  ;
; EDA_DESIGN_INSTANCE_NAME                   ; NA                                    ; --            ; --          ; sin_lut_tb          ;
; EDA_DESIGN_INSTANCE_NAME                   ; NA                                    ; --            ; --          ; sin_lut_full_sin_tb ;
; EDA_DESIGN_INSTANCE_NAME                   ; NA                                    ; --            ; --          ; tb_ddfs             ;
; EDA_DESIGN_INSTANCE_NAME                   ; NA                                    ; --            ; --          ; tb_freq_divider     ;
; EDA_GENERATE_RTL_SIMULATION_COMMAND_SCRIPT ; On                                    ; --            ; --          ; eda_simulation      ;
; EDA_NATIVELINK_SIMULATION_TEST_BENCH       ; tb_ddfs                               ; --            ; --          ; eda_simulation      ;
; EDA_OUTPUT_DATA_FORMAT                     ; Vhdl                                  ; --            ; --          ; eda_simulation      ;
; EDA_SIMULATION_RUN_SCRIPT                  ; testbench_compile.do                  ; --            ; --          ; eda_simulation      ;
; EDA_SIMULATION_TOOL                        ; ModelSim-Altera (VHDL)                ; <None>        ; --          ; --                  ;
; EDA_TEST_BENCH_ENABLE_STATUS               ; TEST_BENCH_MODE                       ; --            ; --          ; eda_simulation      ;
; EDA_TEST_BENCH_FILE                        ; sin_lut_tb.v                          ; --            ; --          ; sin_lut_tb          ;
; EDA_TEST_BENCH_FILE                        ; sin_lut_init.txt                      ; --            ; --          ; sin_lut_tb          ;
; EDA_TEST_BENCH_FILE                        ; sin_lut_full_sin_tb.v                 ; --            ; --          ; sin_lut_full_sin_tb ;
; EDA_TEST_BENCH_FILE                        ; sin_lut_init.txt                      ; --            ; --          ; sin_lut_full_sin_tb ;
; EDA_TEST_BENCH_FILE                        ; tb_ddfs.v                             ; --            ; --          ; tb_ddfs             ;
; EDA_TEST_BENCH_FILE                        ; sin_lut_init.txt                      ; --            ; --          ; tb_ddfs             ;
; EDA_TEST_BENCH_FILE                        ; tb_freq_divider.v                     ; --            ; --          ; tb_freq_divider     ;
; EDA_TEST_BENCH_MODULE_NAME                 ; sin_lut_tb                            ; --            ; --          ; sin_lut_tb          ;
; EDA_TEST_BENCH_MODULE_NAME                 ; sin_lut_full_sin_tb                   ; --            ; --          ; sin_lut_full_sin_tb ;
; EDA_TEST_BENCH_MODULE_NAME                 ; tb_ddfs                               ; --            ; --          ; tb_ddfs             ;
; EDA_TEST_BENCH_MODULE_NAME                 ; tb_freq_divider                       ; --            ; --          ; tb_freq_divider     ;
; EDA_TEST_BENCH_NAME                        ; sin_lut_tb                            ; --            ; --          ; eda_simulation      ;
; EDA_TEST_BENCH_NAME                        ; sin_lut_full_sin_tb                   ; --            ; --          ; eda_simulation      ;
; EDA_TEST_BENCH_NAME                        ; tb_ddfs                               ; --            ; --          ; eda_simulation      ;
; EDA_TEST_BENCH_NAME                        ; tb_freq_divider                       ; --            ; --          ; eda_simulation      ;
; MAX_CORE_JUNCTION_TEMP                     ; 85                                    ; --            ; --          ; --                  ;
; MIN_CORE_JUNCTION_TEMP                     ; 0                                     ; --            ; --          ; --                  ;
; PARTITION_COLOR                            ; 16764057                              ; --            ; --          ; Top                 ;
; PARTITION_FITTER_PRESERVATION_LEVEL        ; PLACEMENT_AND_ROUTING                 ; --            ; --          ; Top                 ;
; PARTITION_NETLIST_TYPE                     ; SOURCE                                ; --            ; --          ; Top                 ;
; POWER_BOARD_THERMAL_MODEL                  ; None (CONSERVATIVE)                   ; --            ; --          ; --                  ;
; POWER_PRESET_COOLING_SOLUTION              ; 23 MM HEAT SINK WITH 200 LFPM AIRFLOW ; --            ; --          ; --                  ;
; PROJECT_OUTPUT_DIRECTORY                   ; output_files                          ; --            ; --          ; --                  ;
+--------------------------------------------+---------------------------------------+---------------+-------------+---------------------+


+-------------------------------------------------------------------------------------------------------------------------------+
; Flow Elapsed Time                                                                                                             ;
+---------------------------+--------------+-------------------------+---------------------+------------------------------------+
; Module Name               ; Elapsed Time ; Average Processors Used ; Peak Virtual Memory ; Total CPU Time (on all processors) ;
+---------------------------+--------------+-------------------------+---------------------+------------------------------------+
; Analysis & Synthesis      ; 00:00:01     ; 1.0                     ; 4616 MB             ; 00:00:01                           ;
; Fitter                    ; 00:00:17     ; 1.0                     ; 4888 MB             ; 00:00:04                           ;
; Assembler                 ; 00:00:02     ; 1.0                     ; 4561 MB             ; 00:00:01                           ;
; TimeQuest Timing Analyzer ; 00:00:02     ; 1.0                     ; 4550 MB             ; 00:00:01                           ;
; EDA Netlist Writer        ; 00:00:03     ; 1.0                     ; 4556 MB             ; 00:00:01                           ;
; Total                     ; 00:00:25     ; --                      ; --                  ; 00:00:08                           ;
+---------------------------+--------------+-------------------------+---------------------+------------------------------------+


+----------------------------------------------------------------------------------------+
; Flow OS Summary                                                                        ;
+---------------------------+------------------+-----------+------------+----------------+
; Module Name               ; Machine Hostname ; OS Name   ; OS Version ; Processor type ;
+---------------------------+------------------+-----------+------------+----------------+
; Analysis & Synthesis      ; MSI-TT           ; Windows 7 ; 6.2        ; x86_64         ;
; Fitter                    ; MSI-TT           ; Windows 7 ; 6.2        ; x86_64         ;
; Assembler                 ; MSI-TT           ; Windows 7 ; 6.2        ; x86_64         ;
; TimeQuest Timing Analyzer ; MSI-TT           ; Windows 7 ; 6.2        ; x86_64         ;
; EDA Netlist Writer        ; MSI-TT           ; Windows 7 ; 6.2        ; x86_64         ;
+---------------------------+------------------+-----------+------------+----------------+


------------
; Flow Log ;
------------
quartus_map --read_settings_files=on --write_settings_files=off funct_gen -c funct_gen
quartus_fit --read_settings_files=off --write_settings_files=off funct_gen -c funct_gen
quartus_asm --read_settings_files=off --write_settings_files=off funct_gen -c funct_gen
quartus_sta funct_gen -c funct_gen
quartus_eda --read_settings_files=off --write_settings_files=off funct_gen -c funct_gen



